<?xml version="1.0" encoding="UTF-8"?>
<testng-results skipped="0" failed="0" total="2" passed="2">
  <reporter-output>
  </reporter-output>
  <suite name="Default suite" duration-ms="32" started-at="2019-02-14T06:43:40Z" finished-at="2019-02-14T06:43:40Z">
    <groups>
    </groups>
    <test name="Default test" duration-ms="32" started-at="2019-02-14T06:43:40Z" finished-at="2019-02-14T06:43:40Z">
      <class name="com.cg.lesson06.TestNGAnnotationDemo1">
        <test-method status="PASS" signature="beforeSuite()[pri:0, instance:com.cg.lesson06.TestNGAnnotationDemo1@c7a4e4]" name="beforeSuite" is-config="true" duration-ms="15" started-at="2019-02-14T12:13:40Z" finished-at="2019-02-14T12:13:40Z">
          <reporter-output>
          </reporter-output>
        </test-method> <!-- beforeSuite -->
        <test-method status="PASS" signature="beforeTest()[pri:0, instance:com.cg.lesson06.TestNGAnnotationDemo1@c7a4e4]" name="beforeTest" is-config="true" duration-ms="0" started-at="2019-02-14T12:13:40Z" finished-at="2019-02-14T12:13:40Z">
          <reporter-output>
          </reporter-output>
        </test-method> <!-- beforeTest -->
        <test-method status="PASS" signature="beforeClass()[pri:0, instance:com.cg.lesson06.TestNGAnnotationDemo1@c7a4e4]" name="beforeClass" is-config="true" duration-ms="0" started-at="2019-02-14T12:13:40Z" finished-at="2019-02-14T12:13:40Z">
          <reporter-output>
          </reporter-output>
        </test-method> <!-- beforeClass -->
        <test-method status="PASS" signature="afterClass()[pri:0, instance:com.cg.lesson06.TestNGAnnotationDemo1@c7a4e4]" name="afterClass" is-config="true" duration-ms="0" started-at="2019-02-14T12:13:40Z" finished-at="2019-02-14T12:13:40Z">
          <reporter-output>
          </reporter-output>
        </test-method> <!-- afterClass -->
        <test-method status="PASS" signature="beforeMethod()[pri:0, instance:com.cg.lesson06.TestNGAnnotationDemo1@c7a4e4]" name="beforeMethod" is-config="true" duration-ms="0" started-at="2019-02-14T12:13:40Z" finished-at="2019-02-14T12:13:40Z">
          <reporter-output>
          </reporter-output>
        </test-method> <!-- beforeMethod -->
        <test-method status="PASS" signature="beforeMethod()[pri:0, instance:com.cg.lesson06.TestNGAnnotationDemo1@c7a4e4]" name="beforeMethod" is-config="true" duration-ms="0" started-at="2019-02-14T12:13:40Z" finished-at="2019-02-14T12:13:40Z">
          <reporter-output>
          </reporter-output>
        </test-method> <!-- beforeMethod -->
        <test-method status="PASS" signature="testCase2()[pri:0, instance:com.cg.lesson06.TestNGAnnotationDemo1@c7a4e4]" name="testCase2" duration-ms="0" started-at="2019-02-14T12:13:40Z" finished-at="2019-02-14T12:13:40Z">
          <reporter-output>
          </reporter-output>
        </test-method> <!-- testCase2 -->
        <test-method status="PASS" signature="afterMethod()[pri:0, instance:com.cg.lesson06.TestNGAnnotationDemo1@c7a4e4]" name="afterMethod" is-config="true" duration-ms="0" started-at="2019-02-14T12:13:40Z" finished-at="2019-02-14T12:13:40Z">
          <reporter-output>
          </reporter-output>
        </test-method> <!-- afterMethod -->
        <test-method status="PASS" signature="testCase1()[pri:0, instance:com.cg.lesson06.TestNGAnnotationDemo1@c7a4e4]" name="testCase1" duration-ms="0" started-at="2019-02-14T12:13:40Z" finished-at="2019-02-14T12:13:40Z">
          <reporter-output>
          </reporter-output>
        </test-method> <!-- testCase1 -->
        <test-method status="PASS" signature="afterMethod()[pri:0, instance:com.cg.lesson06.TestNGAnnotationDemo1@c7a4e4]" name="afterMethod" is-config="true" duration-ms="0" started-at="2019-02-14T12:13:40Z" finished-at="2019-02-14T12:13:40Z">
          <reporter-output>
          </reporter-output>
        </test-method> <!-- afterMethod -->
        <test-method status="PASS" signature="afterTest()[pri:0, instance:com.cg.lesson06.TestNGAnnotationDemo1@c7a4e4]" name="afterTest" is-config="true" duration-ms="0" started-at="2019-02-14T12:13:40Z" finished-at="2019-02-14T12:13:40Z">
          <reporter-output>
          </reporter-output>
        </test-method> <!-- afterTest -->
        <test-method status="PASS" signature="afterSuite()[pri:0, instance:com.cg.lesson06.TestNGAnnotationDemo1@c7a4e4]" name="afterSuite" is-config="true" duration-ms="0" started-at="2019-02-14T12:13:40Z" finished-at="2019-02-14T12:13:40Z">
          <reporter-output>
          </reporter-output>
        </test-method> <!-- afterSuite -->
      </class> <!-- com.cg.lesson06.TestNGAnnotationDemo1 -->
    </test> <!-- Default test -->
  </suite> <!-- Default suite -->
</testng-results>
